        -:    0:Source:TicTacToeBoardTest.cpp
        -:    0:Programs:2
        -:    1:/**
        -:    2: * Unit Tests for TicTacToeBoard
        -:    3:**/
        -:    4:
        -:    5:#include <gtest/gtest.h>
        -:    6:#include "TicTacToeBoard.h"
        -:    7:#include <stdio.h>
        -:    8:
        -:    9:class TicTacToeBoardTest : public ::testing::Test
        -:   10:{
        -:   11:	protected:
        -:   12:		TicTacToeBoardTest(){} //constructor runs before each test
        -:   13:		virtual ~TicTacToeBoardTest(){} //destructor cleans up after tests
        -:   14:		virtual void SetUp(){} //sets up before each test (after constructor)
        -:   15:		virtual void TearDown(){} //clean up after each test, (before destructor)	
        -:   16:};
        -:   17:
        -:   18:/* EXAMPLE TEST FORMAT
        -:   19:TEST(TicTacToeBoardTest, unitTestName)
        -:   20:{
        -:   21:	ASSERT_TRUE(true);
        -:   22:}
        -:   23:*/
        -:   24:
function _ZN34TicTacToeBoardTest_Togle_test_TestC2Ev called 1 returned 100% blocks executed 100%
function _ZN34TicTacToeBoardTest_Togle_test_TestD0Ev called 1 returned 100% blocks executed 100%
function _ZN34TicTacToeBoardTest_Togle_test_TestD2Ev called 1 returned 100% blocks executed 75%
function _ZN34TicTacToeBoardTest_Togle_test_Test8TestBodyEv called 1 returned 100% blocks executed 44%
        5:   25:TEST(TicTacToeBoardTest, Togle_test)
call    0 returned 1
call    1 returned 1
call    2 returned 1
call    3 returned 1
call    4 returned 1
call    5 returned 1
call    6 returned 1
call    7 returned 1
branch  8 taken 1 (fallthrough)
branch  9 taken 0 (throw)
call   10 returned 1
branch 11 taken 1 (fallthrough)
branch 12 taken 0 (throw)
call   13 returned 1
branch 14 taken 1 (fallthrough)
branch 15 taken 0 (throw)
call   16 returned 1
call   17 returned 1
call   18 returned 1
call   19 never executed
call   20 never executed
call   21 never executed
call   22 never executed
call   23 returned 1
call   24 returned 1
call   25 returned 1
branch 26 taken 0 (fallthrough)
branch 27 taken 1
call   28 never executed
        -:   26:{
        -:   27:
        1:   28:	TicTacToeBoard obj;
call    0 returned 1
branch  1 taken 1 (fallthrough)
branch  2 taken 0 (throw)
        1:   29:	Piece object = X;
        1:   30:	Piece Changed = X;
        1:   31:	Changed = obj.toggleTurn();
call    0 returned 1
branch  1 taken 1 (fallthrough)
branch  2 taken 0 (throw)
        1:   32:	ASSERT_NE(object, Changed);
call    0 returned 1
branch  1 taken 1 (fallthrough)
branch  2 taken 0 (throw)
call    3 returned 1
branch  4 taken 0 (fallthrough)
branch  5 taken 1
call    6 never executed
branch  7 never executed
branch  8 never executed
call    9 never executed
call   10 never executed
branch 11 never executed
branch 12 never executed
call   13 never executed
branch 14 never executed
branch 15 never executed
call   16 never executed
call   17 never executed
call   18 returned 1
branch 19 taken 1
branch 20 taken 0
call   21 never executed
call   22 never executed
call   23 never executed
        -:   33:}
        -:   34:
        -:   35:
function _ZN37TicTacToeBoardTest_double_toggle_TestC2Ev called 1 returned 100% blocks executed 100%
function _ZN37TicTacToeBoardTest_double_toggle_TestD0Ev called 1 returned 100% blocks executed 100%
function _ZN37TicTacToeBoardTest_double_toggle_TestD2Ev called 1 returned 100% blocks executed 75%
function _ZN37TicTacToeBoardTest_double_toggle_Test8TestBodyEv called 1 returned 100% blocks executed 46%
        5:   36:TEST(TicTacToeBoardTest, double_toggle)
call    0 returned 1
call    1 returned 1
call    2 returned 1
call    3 returned 1
call    4 returned 1
call    5 returned 1
call    6 returned 1
call    7 returned 1
branch  8 taken 1 (fallthrough)
branch  9 taken 0 (throw)
call   10 returned 1
branch 11 taken 1 (fallthrough)
branch 12 taken 0 (throw)
call   13 returned 1
branch 14 taken 1 (fallthrough)
branch 15 taken 0 (throw)
call   16 returned 1
call   17 returned 1
call   18 returned 1
call   19 never executed
call   20 never executed
call   21 never executed
call   22 never executed
call   23 returned 1
call   24 returned 1
call   25 returned 1
branch 26 taken 0 (fallthrough)
branch 27 taken 1
call   28 never executed
        -:   37:{
        -:   38:
        1:   39:	TicTacToeBoard obj;
call    0 returned 1
branch  1 taken 1 (fallthrough)
branch  2 taken 0 (throw)
        1:   40:	Piece goal = X;
        1:   41:	Piece Changed = X;
        1:   42:	Changed = obj.toggleTurn();
call    0 returned 1
branch  1 taken 1 (fallthrough)
branch  2 taken 0 (throw)
        1:   43:	Changed = obj.toggleTurn();
call    0 returned 1
branch  1 taken 1 (fallthrough)
branch  2 taken 0 (throw)
        -:   44:
        1:   45:	ASSERT_EQ(goal, Changed);
call    0 returned 1
branch  1 taken 1 (fallthrough)
branch  2 taken 0 (throw)
call    3 returned 1
branch  4 taken 0 (fallthrough)
branch  5 taken 1
call    6 never executed
branch  7 never executed
branch  8 never executed
call    9 never executed
call   10 never executed
branch 11 never executed
branch 12 never executed
call   13 never executed
branch 14 never executed
branch 15 never executed
call   16 never executed
call   17 never executed
call   18 returned 1
branch 19 taken 1
branch 20 taken 0
call   21 never executed
call   22 never executed
call   23 never executed
        -:   46:}
        -:   47:
function _ZN38TicTacToeBoardTest_placement_test_TestC2Ev called 1 returned 100% blocks executed 100%
function _ZN38TicTacToeBoardTest_placement_test_TestD0Ev called 1 returned 100% blocks executed 100%
function _ZN38TicTacToeBoardTest_placement_test_TestD2Ev called 1 returned 100% blocks executed 75%
function _ZN38TicTacToeBoardTest_placement_test_Test8TestBodyEv called 1 returned 100% blocks executed 44%
        5:   48:TEST(TicTacToeBoardTest, placement_test)
call    0 returned 1
call    1 returned 1
call    2 returned 1
call    3 returned 1
call    4 returned 1
call    5 returned 1
call    6 returned 1
call    7 returned 1
branch  8 taken 1 (fallthrough)
branch  9 taken 0 (throw)
call   10 returned 1
branch 11 taken 1 (fallthrough)
branch 12 taken 0 (throw)
call   13 returned 1
branch 14 taken 1 (fallthrough)
branch 15 taken 0 (throw)
call   16 returned 1
call   17 returned 1
call   18 returned 1
call   19 never executed
call   20 never executed
call   21 never executed
call   22 never executed
call   23 returned 1
call   24 returned 1
call   25 returned 1
branch 26 taken 0 (fallthrough)
branch 27 taken 1
call   28 never executed
        -:   49:{
        -:   50:
        1:   51:	TicTacToeBoard obj;
call    0 returned 1
branch  1 taken 1 (fallthrough)
branch  2 taken 0 (throw)
        1:   52:	Piece goal = O;
        1:   53:	Piece end = obj.placePiece(1,1);
call    0 returned 1
branch  1 taken 1 (fallthrough)
branch  2 taken 0 (throw)
        1:   54:	ASSERT_EQ(goal, end);
call    0 returned 1
branch  1 taken 1 (fallthrough)
branch  2 taken 0 (throw)
call    3 returned 1
branch  4 taken 0 (fallthrough)
branch  5 taken 1
call    6 never executed
branch  7 never executed
branch  8 never executed
call    9 never executed
call   10 never executed
branch 11 never executed
branch 12 never executed
call   13 never executed
branch 14 never executed
branch 15 never executed
call   16 never executed
call   17 never executed
call   18 returned 1
branch 19 taken 1
branch 20 taken 0
call   21 never executed
call   22 never executed
call   23 never executed
        -:   55:}
        -:   56:
function _ZN52TicTacToeBoardTest_placement_test_sameplacement_TestC2Ev called 1 returned 100% blocks executed 100%
function _ZN52TicTacToeBoardTest_placement_test_sameplacement_TestD0Ev called 1 returned 100% blocks executed 100%
function _ZN52TicTacToeBoardTest_placement_test_sameplacement_TestD2Ev called 1 returned 100% blocks executed 75%
function _ZN52TicTacToeBoardTest_placement_test_sameplacement_Test8TestBodyEv called 1 returned 100% blocks executed 46%
        5:   57:TEST(TicTacToeBoardTest, placement_test_sameplacement)
call    0 returned 1
call    1 returned 1
call    2 returned 1
call    3 returned 1
call    4 returned 1
call    5 returned 1
call    6 returned 1
call    7 returned 1
branch  8 taken 1 (fallthrough)
branch  9 taken 0 (throw)
call   10 returned 1
branch 11 taken 1 (fallthrough)
branch 12 taken 0 (throw)
call   13 returned 1
branch 14 taken 1 (fallthrough)
branch 15 taken 0 (throw)
call   16 returned 1
call   17 returned 1
call   18 returned 1
call   19 never executed
call   20 never executed
call   21 never executed
call   22 never executed
call   23 returned 1
call   24 returned 1
call   25 returned 1
branch 26 taken 0 (fallthrough)
branch 27 taken 1
call   28 never executed
        -:   58:{
        -:   59:
        1:   60:	TicTacToeBoard obj;
call    0 returned 1
branch  1 taken 1 (fallthrough)
branch  2 taken 0 (throw)
        1:   61:	Piece goal = O;
        1:   62:	obj.placePiece(1,1);
call    0 returned 1
branch  1 taken 1 (fallthrough)
branch  2 taken 0 (throw)
        1:   63:	Piece end = obj.placePiece(1,1);
call    0 returned 1
branch  1 taken 1 (fallthrough)
branch  2 taken 0 (throw)
        1:   64:	ASSERT_NE(goal, end);
call    0 returned 1
branch  1 taken 1 (fallthrough)
branch  2 taken 0 (throw)
call    3 returned 1
branch  4 taken 0 (fallthrough)
branch  5 taken 1
call    6 never executed
branch  7 never executed
branch  8 never executed
call    9 never executed
call   10 never executed
branch 11 never executed
branch 12 never executed
call   13 never executed
branch 14 never executed
branch 15 never executed
call   16 never executed
call   17 never executed
call   18 returned 1
branch 19 taken 1
branch 20 taken 0
call   21 never executed
call   22 never executed
call   23 never executed
        -:   65:}
        -:   66:
function _ZN49TicTacToeBoardTest_placement_outofboundsFail_TestC2Ev called 1 returned 100% blocks executed 100%
function _ZN49TicTacToeBoardTest_placement_outofboundsFail_TestD0Ev called 1 returned 100% blocks executed 100%
function _ZN49TicTacToeBoardTest_placement_outofboundsFail_TestD2Ev called 1 returned 100% blocks executed 75%
function _ZN49TicTacToeBoardTest_placement_outofboundsFail_Test8TestBodyEv called 1 returned 100% blocks executed 44%
        5:   67:TEST(TicTacToeBoardTest, placement_outofboundsFail)
call    0 returned 1
call    1 returned 1
call    2 returned 1
call    3 returned 1
call    4 returned 1
call    5 returned 1
call    6 returned 1
call    7 returned 1
branch  8 taken 1 (fallthrough)
branch  9 taken 0 (throw)
call   10 returned 1
branch 11 taken 1 (fallthrough)
branch 12 taken 0 (throw)
call   13 returned 1
branch 14 taken 1 (fallthrough)
branch 15 taken 0 (throw)
call   16 returned 1
call   17 returned 1
call   18 returned 1
call   19 never executed
call   20 never executed
call   21 never executed
call   22 never executed
call   23 returned 1
call   24 returned 1
call   25 returned 1
branch 26 taken 0 (fallthrough)
branch 27 taken 1
call   28 never executed
        -:   68:{
        -:   69:
        1:   70:	TicTacToeBoard obj;
call    0 returned 1
branch  1 taken 1 (fallthrough)
branch  2 taken 0 (throw)
        1:   71:	Piece goal = O;
        1:   72:	Piece end = obj.placePiece(-1,1);
call    0 returned 1
branch  1 taken 1 (fallthrough)
branch  2 taken 0 (throw)
        1:   73:	ASSERT_NE(goal, end);
call    0 returned 1
branch  1 taken 1 (fallthrough)
branch  2 taken 0 (throw)
call    3 returned 1
branch  4 taken 0 (fallthrough)
branch  5 taken 1
call    6 never executed
branch  7 never executed
branch  8 never executed
call    9 never executed
call   10 never executed
branch 11 never executed
branch 12 never executed
call   13 never executed
branch 14 never executed
branch 15 never executed
call   16 never executed
call   17 never executed
call   18 returned 1
branch 19 taken 1
branch 20 taken 0
call   21 never executed
call   22 never executed
call   23 never executed
        -:   74:}
        -:   75:
function _ZN48TicTacToeBoardTest_getPiece_outofboundsFail_TestC2Ev called 1 returned 100% blocks executed 100%
function _ZN48TicTacToeBoardTest_getPiece_outofboundsFail_TestD0Ev called 1 returned 100% blocks executed 100%
function _ZN48TicTacToeBoardTest_getPiece_outofboundsFail_TestD2Ev called 1 returned 100% blocks executed 75%
function _ZN48TicTacToeBoardTest_getPiece_outofboundsFail_Test8TestBodyEv called 1 returned 100% blocks executed 44%
        5:   76:TEST(TicTacToeBoardTest, getPiece_outofboundsFail)
call    0 returned 1
call    1 returned 1
call    2 returned 1
call    3 returned 1
call    4 returned 1
call    5 returned 1
call    6 returned 1
call    7 returned 1
branch  8 taken 1 (fallthrough)
branch  9 taken 0 (throw)
call   10 returned 1
branch 11 taken 1 (fallthrough)
branch 12 taken 0 (throw)
call   13 returned 1
branch 14 taken 1 (fallthrough)
branch 15 taken 0 (throw)
call   16 returned 1
call   17 returned 1
call   18 returned 1
call   19 never executed
call   20 never executed
call   21 never executed
call   22 never executed
call   23 returned 1
call   24 returned 1
call   25 returned 1
branch 26 taken 0 (fallthrough)
branch 27 taken 1
call   28 never executed
        -:   77:{
        -:   78:
        1:   79:	TicTacToeBoard obj;
call    0 returned 1
branch  1 taken 1 (fallthrough)
branch  2 taken 0 (throw)
        1:   80:	Piece goal = O;
        1:   81:	Piece end = obj.getPiece(-1,1);
call    0 returned 1
branch  1 taken 1 (fallthrough)
branch  2 taken 0 (throw)
        1:   82:	ASSERT_NE(goal, end);
call    0 returned 1
branch  1 taken 1 (fallthrough)
branch  2 taken 0 (throw)
call    3 returned 1
branch  4 taken 0 (fallthrough)
branch  5 taken 1
call    6 never executed
branch  7 never executed
branch  8 never executed
call    9 never executed
call   10 never executed
branch 11 never executed
branch 12 never executed
call   13 never executed
branch 14 never executed
branch 15 never executed
call   16 never executed
call   17 never executed
call   18 returned 1
branch 19 taken 1
branch 20 taken 0
call   21 never executed
call   22 never executed
call   23 never executed
        -:   83:}
        -:   84:
function _ZN32TicTacToeBoardTest_getPiece_TestC2Ev called 1 returned 100% blocks executed 100%
function _ZN32TicTacToeBoardTest_getPiece_TestD0Ev called 1 returned 100% blocks executed 100%
function _ZN32TicTacToeBoardTest_getPiece_TestD2Ev called 1 returned 100% blocks executed 75%
function _ZN32TicTacToeBoardTest_getPiece_Test8TestBodyEv called 1 returned 100% blocks executed 46%
        5:   85:TEST(TicTacToeBoardTest, getPiece)
call    0 returned 1
call    1 returned 1
call    2 returned 1
call    3 returned 1
call    4 returned 1
call    5 returned 1
call    6 returned 1
call    7 returned 1
branch  8 taken 1 (fallthrough)
branch  9 taken 0 (throw)
call   10 returned 1
branch 11 taken 1 (fallthrough)
branch 12 taken 0 (throw)
call   13 returned 1
branch 14 taken 1 (fallthrough)
branch 15 taken 0 (throw)
call   16 returned 1
call   17 returned 1
call   18 returned 1
call   19 never executed
call   20 never executed
call   21 never executed
call   22 never executed
call   23 returned 1
call   24 returned 1
call   25 returned 1
branch 26 taken 0 (fallthrough)
branch 27 taken 1
call   28 never executed
        -:   86:{
        -:   87:
        1:   88:	TicTacToeBoard obj;
call    0 returned 1
branch  1 taken 1 (fallthrough)
branch  2 taken 0 (throw)
        1:   89:	Piece goal = X;
        1:   90:	obj.placePiece(1, 1);
call    0 returned 1
branch  1 taken 1 (fallthrough)
branch  2 taken 0 (throw)
        1:   91:	Piece end = obj.getPiece(1,1);
call    0 returned 1
branch  1 taken 1 (fallthrough)
branch  2 taken 0 (throw)
        1:   92:	ASSERT_EQ(goal, end);
call    0 returned 1
branch  1 taken 1 (fallthrough)
branch  2 taken 0 (throw)
call    3 returned 1
branch  4 taken 0 (fallthrough)
branch  5 taken 1
call    6 never executed
branch  7 never executed
branch  8 never executed
call    9 never executed
call   10 never executed
branch 11 never executed
branch 12 never executed
call   13 never executed
branch 14 never executed
branch 15 never executed
call   16 never executed
call   17 never executed
call   18 returned 1
branch 19 taken 1
branch 20 taken 0
call   21 never executed
call   22 never executed
call   23 never executed
        -:   93:}
        -:   94:
function _ZN38TicTacToeBoardTest_getPiece_blank_TestC2Ev called 1 returned 100% blocks executed 100%
function _ZN38TicTacToeBoardTest_getPiece_blank_TestD0Ev called 1 returned 100% blocks executed 100%
function _ZN38TicTacToeBoardTest_getPiece_blank_TestD2Ev called 1 returned 100% blocks executed 75%
function _ZN38TicTacToeBoardTest_getPiece_blank_Test8TestBodyEv called 1 returned 100% blocks executed 44%
        5:   95:TEST(TicTacToeBoardTest, getPiece_blank)
call    0 returned 1
call    1 returned 1
call    2 returned 1
call    3 returned 1
call    4 returned 1
call    5 returned 1
call    6 returned 1
call    7 returned 1
branch  8 taken 1 (fallthrough)
branch  9 taken 0 (throw)
call   10 returned 1
branch 11 taken 1 (fallthrough)
branch 12 taken 0 (throw)
call   13 returned 1
branch 14 taken 1 (fallthrough)
branch 15 taken 0 (throw)
call   16 returned 1
call   17 returned 1
call   18 returned 1
call   19 never executed
call   20 never executed
call   21 never executed
call   22 never executed
call   23 returned 1
call   24 returned 1
call   25 returned 1
branch 26 taken 0 (fallthrough)
branch 27 taken 1
call   28 never executed
        -:   96:{
        -:   97:
        1:   98:	TicTacToeBoard obj;
call    0 returned 1
branch  1 taken 1 (fallthrough)
branch  2 taken 0 (throw)
        1:   99:	Piece goal = Blank;
        1:  100:	Piece end = obj.getPiece(1,1);
call    0 returned 1
branch  1 taken 1 (fallthrough)
branch  2 taken 0 (throw)
        1:  101:	ASSERT_EQ(goal, end);
call    0 returned 1
branch  1 taken 1 (fallthrough)
branch  2 taken 0 (throw)
call    3 returned 1
branch  4 taken 0 (fallthrough)
branch  5 taken 1
call    6 never executed
branch  7 never executed
branch  8 never executed
call    9 never executed
call   10 never executed
branch 11 never executed
branch 12 never executed
call   13 never executed
branch 14 never executed
branch 15 never executed
call   16 never executed
call   17 never executed
call   18 returned 1
branch 19 taken 1
branch 20 taken 0
call   21 never executed
call   22 never executed
call   23 never executed
        -:  102:}
        -:  103:
function _ZN41TicTacToeBoardTest_getWinner_invalid_TestC2Ev called 1 returned 100% blocks executed 100%
function _ZN41TicTacToeBoardTest_getWinner_invalid_TestD0Ev called 1 returned 100% blocks executed 100%
function _ZN41TicTacToeBoardTest_getWinner_invalid_TestD2Ev called 1 returned 100% blocks executed 75%
function _ZN41TicTacToeBoardTest_getWinner_invalid_Test8TestBodyEv called 1 returned 100% blocks executed 44%
        5:  104:TEST(TicTacToeBoardTest, getWinner_invalid)
call    0 returned 1
call    1 returned 1
call    2 returned 1
call    3 returned 1
call    4 returned 1
call    5 returned 1
call    6 returned 1
call    7 returned 1
branch  8 taken 1 (fallthrough)
branch  9 taken 0 (throw)
call   10 returned 1
branch 11 taken 1 (fallthrough)
branch 12 taken 0 (throw)
call   13 returned 1
branch 14 taken 1 (fallthrough)
branch 15 taken 0 (throw)
call   16 returned 1
call   17 returned 1
call   18 returned 1
call   19 never executed
call   20 never executed
call   21 never executed
call   22 never executed
call   23 returned 1
call   24 returned 1
call   25 returned 1
branch 26 taken 0 (fallthrough)
branch 27 taken 1
call   28 never executed
        -:  105:{
        -:  106:
        1:  107:	TicTacToeBoard obj;
call    0 returned 1
branch  1 taken 1 (fallthrough)
branch  2 taken 0 (throw)
        1:  108:	Piece goal = Invalid;
        1:  109:	Piece end = obj.getWinner();
call    0 returned 1
branch  1 taken 1 (fallthrough)
branch  2 taken 0 (throw)
        1:  110:	ASSERT_EQ(goal, end);
call    0 returned 1
branch  1 taken 1 (fallthrough)
branch  2 taken 0 (throw)
call    3 returned 1
branch  4 taken 0 (fallthrough)
branch  5 taken 1
call    6 never executed
branch  7 never executed
branch  8 never executed
call    9 never executed
call   10 never executed
branch 11 never executed
branch 12 never executed
call   13 never executed
branch 14 never executed
branch 15 never executed
call   16 never executed
call   17 never executed
call   18 returned 1
branch 19 taken 1
branch 20 taken 0
call   21 never executed
call   22 never executed
call   23 never executed
        -:  111:}
        -:  112:
function _ZN39TicTacToeBoardTest_getWinner_blank_TestC2Ev called 1 returned 100% blocks executed 100%
function _ZN39TicTacToeBoardTest_getWinner_blank_TestD0Ev called 1 returned 100% blocks executed 100%
function _ZN39TicTacToeBoardTest_getWinner_blank_TestD2Ev called 1 returned 100% blocks executed 75%
function _ZN39TicTacToeBoardTest_getWinner_blank_Test8TestBodyEv called 1 returned 100% blocks executed 58%
        5:  113:TEST(TicTacToeBoardTest, getWinner_blank)
call    0 returned 1
call    1 returned 1
call    2 returned 1
call    3 returned 1
call    4 returned 1
call    5 returned 1
call    6 returned 1
call    7 returned 1
branch  8 taken 1 (fallthrough)
branch  9 taken 0 (throw)
call   10 returned 1
branch 11 taken 1 (fallthrough)
branch 12 taken 0 (throw)
call   13 returned 1
branch 14 taken 1 (fallthrough)
branch 15 taken 0 (throw)
call   16 returned 1
call   17 returned 1
call   18 returned 1
call   19 never executed
call   20 never executed
call   21 never executed
call   22 returned 1
call   23 returned 1
call   24 returned 1
branch 25 taken 0 (fallthrough)
branch 26 taken 1
call   27 never executed
        -:  114:{
        -:  115:
        1:  116:	TicTacToeBoard obj;
call    0 returned 1
branch  1 taken 1 (fallthrough)
branch  2 taken 0 (throw)
        1:  117:	Piece goal = Blank;
        1:  118:	obj.placePiece(0, 0);
call    0 returned 1
branch  1 taken 1 (fallthrough)
branch  2 taken 0 (throw)
        1:  119:	obj.placePiece(1, 1);
call    0 returned 1
branch  1 taken 1 (fallthrough)
branch  2 taken 0 (throw)
        1:  120:	obj.placePiece(2, 2);
call    0 returned 1
branch  1 taken 1 (fallthrough)
branch  2 taken 0 (throw)
        1:  121:	obj.placePiece(0, 2);
call    0 returned 1
branch  1 taken 1 (fallthrough)
branch  2 taken 0 (throw)
        1:  122:	obj.placePiece(2, 0);
call    0 returned 1
branch  1 taken 1 (fallthrough)
branch  2 taken 0 (throw)
        1:  123:	obj.placePiece(1, 0);
call    0 returned 1
branch  1 taken 1 (fallthrough)
branch  2 taken 0 (throw)
        1:  124:	obj.placePiece(0, 1);
call    0 returned 1
branch  1 taken 1 (fallthrough)
branch  2 taken 0 (throw)
        1:  125:	obj.placePiece(2, 1);
call    0 returned 1
branch  1 taken 1 (fallthrough)
branch  2 taken 0 (throw)
        1:  126:	obj.placePiece(1, 2);
call    0 returned 1
branch  1 taken 1 (fallthrough)
branch  2 taken 0 (throw)
        -:  127:
        -:  128:
        1:  129:	Piece end = obj.getWinner();
call    0 returned 1
branch  1 taken 1 (fallthrough)
branch  2 taken 0 (throw)
        1:  130:	ASSERT_EQ(goal, end);
call    0 returned 1
branch  1 taken 1 (fallthrough)
branch  2 taken 0 (throw)
call    3 returned 1
branch  4 taken 0 (fallthrough)
branch  5 taken 1
call    6 never executed
branch  7 never executed
branch  8 never executed
call    9 never executed
call   10 never executed
branch 11 never executed
branch 12 never executed
call   13 never executed
branch 14 never executed
branch 15 never executed
call   16 never executed
call   17 never executed
call   18 returned 1
branch 19 taken 1
branch 20 taken 0
call   21 never executed
call   22 never executed
call   23 never executed
function _GLOBAL__sub_I__ZN34TicTacToeBoardTest_Togle_test_Test10test_info_E called 1 returned 100% blocks executed 100%
function _Z41__static_initialization_and_destruction_0ii called 1 returned 100% blocks executed 68%
        3:  131:}
call    0 returned 1
branch  1 taken 1 (fallthrough)
branch  2 taken 0
branch  3 taken 1 (fallthrough)
branch  4 taken 0
        -:  132:
        -:  133:
